Watching for file changes with StatReloader
Watching for file changes with StatReloader
Watching for file changes with StatReloader
"POST /api/users/register/ HTTP/1.1" 201 66
"POST /api/token/ HTTP/1.1" 200 483
"GET /api/hello/ HTTP/1.1" 200 27
"OPTIONS /api/token/ HTTP/1.1" 200 491
"OPTIONS /api/token/ HTTP/1.1" 200 491
"OPTIONS /api/token/ HTTP/1.1" 200 491
"OPTIONS /api/token/ HTTP/1.1" 200 491
"OPTIONS /api/token/ HTTP/1.1" 200 491
"OPTIONS /api/token/ HTTP/1.1" 200 491
"OPTIONS /api/token/ HTTP/1.1" 200 491
"OPTIONS /api/token/ HTTP/1.1" 200 491
"OPTIONS /api/token/ HTTP/1.1" 200 491
"OPTIONS /api/token/ HTTP/1.1" 200 491
"OPTIONS /api/token/ HTTP/1.1" 200 491
"OPTIONS /api/token/ HTTP/1.1" 200 491
"OPTIONS /api/token/ HTTP/1.1" 200 491
"OPTIONS /api/token/ HTTP/1.1" 200 491
"OPTIONS /api/token/ HTTP/1.1" 200 491
"GET /admin/ HTTP/1.1" 302 0
"GET /admin/login/?next=/admin/ HTTP/1.1" 200 4155
"GET /static/admin/css/login.css HTTP/1.1" 200 958
"GET /static/admin/css/nav_sidebar.css HTTP/1.1" 200 2810
"GET /static/admin/css/dark_mode.css HTTP/1.1" 200 2682
"GET /static/admin/css/base.css HTTP/1.1" 200 21544
"GET /static/admin/css/responsive.css HTTP/1.1" 200 17905
"GET /static/admin/js/theme.js HTTP/1.1" 200 1943
"GET /static/admin/js/nav_sidebar.js HTTP/1.1" 200 3063
Not Found: /favicon.ico
"GET /favicon.ico HTTP/1.1" 404 2598
"POST /admin/login/?next=/admin/ HTTP/1.1" 200 4313
Watching for file changes with StatReloader
Watching for file changes with StatReloader
Not Found: /
"GET / HTTP/1.1" 404 2547
Not Found: /favicon.ico
"GET /favicon.ico HTTP/1.1" 404 2598
Watching for file changes with StatReloader
"OPTIONS /api/token/ HTTP/1.1" 200 491
"OPTIONS /api/token/ HTTP/1.1" 200 491
"OPTIONS /api/token/ HTTP/1.1" 200 491
"OPTIONS /api/token/ HTTP/1.1" 200 491
/app/core/settings.py changed, reloading.
Watching for file changes with StatReloader
/home/ketan/Desktop/project/backend/core/settings.py changed, reloading.
Watching for file changes with StatReloader
Watching for file changes with StatReloader
"OPTIONS /api/token/ HTTP/1.1" 200 0
Bad Request: /api/token/
"POST /api/token/ HTTP/1.1" 400 37
/app/core/settings.py changed, reloading.
Watching for file changes with StatReloader
/app/core/settings.py changed, reloading.
Watching for file changes with StatReloader
Watching for file changes with StatReloader
"POST /api/token/ HTTP/1.1" 200 483
